1 record inserted.
[('nacoolthedj@gmail.com', '6373dac2b148aeadc5fbe5fa', 1, '10/01/2023')]
6373dac2b148aeadc5fbe5fa
0 row(s) deleted
1 row(s) deleted
[('nacoolthedj@gmail.com', '6373dac2b148aeadc5fbe5fa', 0, '10/01/2023')]
6373dac2b148aeadc5fbe5fa
1 row(s) deleted
[]
636763fcc84225d69a0ee2de
0 row(s) deleted
[]
636763fcc84225d69a0ee296
0 row(s) deleted
[]
636763fcc84225d69a0ee296
0 row(s) deleted
[]
639aa9deceba170f19cde285
0 row(s) deleted
[]
636763fcc84225d69a0ee2de
0 row(s) deleted
[('nacoolthedj@gmail.com', '6373dac2b148aeadc5fbe5fa', 0, '10/01/2023')]
6373dac2b148aeadc5fbe5fa
1 row(s) deleted
[('nacoolthedj@gmail.com', '6373dac2b148aeadc5fbe5fa', 0, '10/01/2023')]
6373dac2b148aeadc5fbe5fa
1 row(s) deleted
[]
636763fcc84225d69a0ee296
0 row(s) deleted
[]
639aa9deceba170f19cde285
0 row(s) deleted
[]
636763fcc84225d69a0ee296
0 row(s) deleted
[]
636763fcc84225d69a0ee2de
0 row(s) deleted
[('nacoolthedj@gmail.com', '639aa9deceba170f19cde285', 1, '20/01/2023')]
639aa9deceba170f19cde285
0 row(s) updated
[]
1 record inserted.
[('nacoolthedj@gmail.com', '639aa9deceba170f19cde285', 1, '20/01/2023')]
639aa9deceba170f19cde285
0 row(s) updated
get_scholars() missing 1 required positional argument: 'scholarship_id'
get_scholars() missing 1 required positional argument: 'scholarship_id'
get_scholars() missing 1 required positional argument: 'scholarship_id'
get_scholars() missing 1 required positional argument: 'scholarship_id'
get_scholars() missing 1 required positional argument: 'scholarship_id'
get_scholars() missing 1 required positional argument: 'scholarship_id'
get_scholars() missing 1 required positional argument: 'scholarship_id'
get_scholars() missing 1 required positional argument: 'scholarship_id'
get_scholars() missing 1 required positional argument: 'scholarship_id'
[('nacoolthedj@gmail.com', '636763fcc84225d69a0ee2de', 1, '18/01/2023')]
636763fcc84225d69a0ee2de
0 row(s) updated
[('nacoolthedj@gmail.com', '636763fcc84225d69a0ee29b', 0, '15/01/2023')]
636763fcc84225d69a0ee29b
1 row(s) updated
1 record inserted.
[]
1 record inserted.
[]
1 record inserted.
483
483
483
483
483
483
483
483
483
483
483
483
483
483
483
483
483
483
483
483
483
483
483
483
483
483
483
483
483
483
483
483
483
483
483
483
483
483
483
483
483
483
483
483
483
483
483
483
483
483
483
483
483
483
483
483
483
483
483
483
483
483
483
483
483
483
483
483
483
483
483
483
483
483
483
483
483
483
483
483
483
483
483
483
483
483
483
483
483
483
483
483
483
483
483
483
483
483
483
483
483
483
483
483
483
483
483
483
483
483
483
483
483
483
483
483
483
483
483
483
483
483
483
483
483
483
483
483
483
483
483
483
483
483
483
483
483
483
483
483
483
483
483
483
483
483
483
483
483
483
483
483
483
483
483
483
483
483
483
483
483
483
483
483
483
483
483
483
483
483
483
483
483
483
483
483
483
483
483
483
483
483
483
483
483
483
483
483
483
483
483
483
483
483
483
483
483
483
483
483
483
483
483
483
483
483
483
483
483
483
483
483
483
483
483
483
483
483
483
483
483
483
483
481
481
481
483
483
483
483
483
483
483
483
483
483
483
483
483
483
483
483
483
483
483
483
483
483
483
483
483
483
483
483
483
483
483
483
483
483
483
483
483
483
483
483
483
483
483
483
483
483
483
483
483
483
483
483
483
483
483
483
483
483
483
483
483
483
483
483
483
483
483
483
483
483
483
483
483
483
483
483
483
483
483
483
483
483
483
483
483
483
483
483
483
483
483
483
483
483
483
483
483
483
483
483
483
483
483
483
483
483
483
483
483
483
483
483
483
483
483
483
483
483
425
425
425
425
425
425
425
425
425
425
425
425
425
425
425
425
425
425
425
425
425
425
425
425
425
425
425
425
425
425
425
425
425
425
425
425
425
425
425
425
425
425
425
425
425
425
425
425
425
425
425
425
425
425
425
425
425
425
425
425
425
425
425
425
425
425
425
425
425
425
425
425
425
425
425
425
425
425
425
425
425
425
425
425
425
425
425
425
425
425
425
425
425
425
425
425
425
425
425
425
425
425
425
425
425
425
425
425
425
425
425
425
425
425
425
425
425
425
425
425
425
425
425
425
425
425
425
425
425
425
425
425
425
425
425
425
425
425
425
425
425
425
425
425
425
425
425
425
425
425
425
424
424
424
424
424
424
424
424
424
424
424
424
424
424
424
424
424
424
424
425
425
425
425
425
425
425
425
425
425
425
425
425
425
425
425
425
425
425
425
425
425
425
425
425
425
425
425
425
425
425
425
425
425
425
425
425
425
425
425
425
425
425
425
425
425
425
425
425
425
425
425
425
425
425
425
425
425
425
425
425
425
425
425
425
425
425
425
425
425
425
425
425
425
425
425
425
425
425
425
425
425
425
425
425
425
425
425
425
425
425
425
425
425
425
425
425
425
425
425
425
425
425
425
425
425
425
425
425
425
425
425
425
425
425
425
425
425
425
425
423
423
423
423
423
423
423
423
423
423
423
423
423
423
423
423
423
423
423
423
423
423
423
423
423
423
422
422
422
422
422
422
422
422
422
422
422
422
422
422
422
422
422
422
422
422
422
422
422
422
422
422
422
422
422
422
422
422
422
422
422
422
422
422
422
422
422
422
422
422
422
422
422
422
422
422
422
422
422
422
422
422
422
422
422
422
422
422
422
422
422
422
422
422
422
422
422
422
422
422
422
422
422
422
422
422
422
422
422
422
422
422
422
422
422
422
422
422
422
422
422
422
422
422
422
422
422
422
422
422
422
422
422
422
422
422
422
422
422
422
422
422
422
422
422
422
422
422
422
422
422
422
422
422
422
422
422
422
422
422
422
422
422
422
422
422
422
422
422
422
422
422
422
422
422
422
422
422
422
422
422
422
422
422
422
422
422
422
422
422
422
422
422
422
422
422
422
422
422
422
422
422
422
422
422
422
422
422
422
422
422
422
422
422
422
422
422
422
422
422
422
422
422
422
422
422
422
422
422
422
422
422
422
422
422
422
422
422
422
422
422
422
422
422
422
422
422
422
422
422
422
422
422
422
422
422
422
422
422
422
422
422
422
4031 (HY000): The client was disconnected by the server because of inactivity. See wait_timeout and interactive_timeout for configuring this behavior.
422
422
422
422
422
422
422
